Replace Part C? CAPACITOR in D:\Documentos_D\IDCI\IDCI_WifiNode_R00\IDCI_WifiNode_CPU0.SchDoc with CAPACITOR from IDCI_WifiNode_2_R00.SchLib
Replace Part C? CAPACITOR in D:\Documentos_D\IDCI\IDCI_WifiNode_R00\IDCI_WifiNode_CPU0.SchDoc with CAPACITOR from IDCI_WifiNode_2_R00.SchLib
Replace Part C? CAPACITOR in D:\Documentos_D\IDCI\IDCI_WifiNode_R00\IDCI_WifiNode_CPU0.SchDoc with CAPACITOR from IDCI_WifiNode_2_R00.SchLib
Replace Part C? CAPACITOR in D:\Documentos_D\IDCI\IDCI_WifiNode_R00\IDCI_WifiNode_CPU0.SchDoc with CAPACITOR from IDCI_WifiNode_2_R00.SchLib
Replace Part C? CAPACITOR in D:\Documentos_D\IDCI\IDCI_WifiNode_R00\IDCI_WifiNode_CPU0.SchDoc with CAPACITOR from IDCI_WifiNode_2_R00.SchLib
Replace Part C? CAPACITOR in D:\Documentos_D\IDCI\IDCI_WifiNode_R00\IDCI_WifiNode_CPU0.SchDoc with CAPACITOR from IDCI_WifiNode_2_R00.SchLib
Replace Part C? CAPACITOR in D:\Documentos_D\IDCI\IDCI_WifiNode_R00\IDCI_WifiNode_CPU0.SchDoc with CAPACITOR from IDCI_WifiNode_2_R00.SchLib
Replace Part C? CAPACITOR in D:\Documentos_D\IDCI\IDCI_WifiNode_R00\IDCI_WifiNode_CPU0.SchDoc with CAPACITOR from IDCI_WifiNode_2_R00.SchLib
Replace Part C? CAPACITOR in D:\Documentos_D\IDCI\IDCI_WifiNode_R00\IDCI_WifiNode_CPU0.SchDoc with CAPACITOR from IDCI_WifiNode_2_R00.SchLib
Replace Part C? CAPACITOR in D:\Documentos_D\IDCI\IDCI_WifiNode_R00\IDCI_WifiNode_CPU0.SchDoc with CAPACITOR from IDCI_WifiNode_2_R00.SchLib
Replace Part C? CAPACITOR in D:\Documentos_D\IDCI\IDCI_WifiNode_R00\IDCI_WifiNode_CPU0.SchDoc with CAPACITOR from IDCI_WifiNode_2_R00.SchLib
Replace Part C? CAPACITOR in D:\Documentos_D\IDCI\IDCI_WifiNode_R00\IDCI_WifiNode_CPU0.SchDoc with CAPACITOR from IDCI_WifiNode_2_R00.SchLib
Replace Part C? CAPACITOR in D:\Documentos_D\IDCI\IDCI_WifiNode_R00\IDCI_WifiNode_CPU0.SchDoc with CAPACITOR from IDCI_WifiNode_2_R00.SchLib
Replace Part C? CAPACITOR in D:\Documentos_D\IDCI\IDCI_WifiNode_R00\IDCI_WifiNode_CPU0.SchDoc with CAPACITOR from IDCI_WifiNode_2_R00.SchLib
Replace Part C? CAPACITOR in D:\Documentos_D\IDCI\IDCI_WifiNode_R00\IDCI_WifiNode_CPU0.SchDoc with CAPACITOR from IDCI_WifiNode_2_R00.SchLib
Replace Part C? CAPACITOR in D:\Documentos_D\IDCI\IDCI_WifiNode_R00\IDCI_WifiNode_CPU0.SchDoc with CAPACITOR from IDCI_WifiNode_2_R00.SchLib
Replace Part C? CAPACITOR in D:\Documentos_D\IDCI\IDCI_WifiNode_R00\IDCI_WifiNode_CPU0.SchDoc with CAPACITOR from IDCI_WifiNode_2_R00.SchLib
Replace Part C? CAPACITOR in D:\Documentos_D\IDCI\IDCI_WifiNode_R00\IDCI_WifiNode_CPU0.SchDoc with CAPACITOR from IDCI_WifiNode_2_R00.SchLib
Replace Part C? CAPACITOR in D:\Documentos_D\IDCI\IDCI_WifiNode_R00\IDCI_WifiNode_CPU0.SchDoc with CAPACITOR from IDCI_WifiNode_2_R00.SchLib
Replace Part C? CAPACITOR in D:\Documentos_D\IDCI\IDCI_WifiNode_R00\IDCI_WifiNode_CPU0.SchDoc with CAPACITOR from IDCI_WifiNode_2_R00.SchLib
Replace Part C? CAPACITOR in D:\Documentos_D\IDCI\IDCI_WifiNode_R00\IDCI_WifiNode_CPU0.SchDoc with CAPACITOR from IDCI_WifiNode_2_R00.SchLib
Replace Part CN? CONN_08P in D:\Documentos_D\IDCI\IDCI_WifiNode_R00\IDCI_WifiNode_CPU0.SchDoc with CONN_08P from IDCI_WifiNode_2_R00.SchLib
Replace Part R? Resistor in D:\Documentos_D\IDCI\IDCI_WifiNode_R00\IDCI_WifiNode_CPU0.SchDoc with Resistor from IDCI_WifiNode_2_R00.SchLib
Replace Part R? Resistor in D:\Documentos_D\IDCI\IDCI_WifiNode_R00\IDCI_WifiNode_CPU0.SchDoc with Resistor from IDCI_WifiNode_2_R00.SchLib
Replace Part R? Resistor in D:\Documentos_D\IDCI\IDCI_WifiNode_R00\IDCI_WifiNode_CPU0.SchDoc with Resistor from IDCI_WifiNode_2_R00.SchLib
Replace Part R? Resistor in D:\Documentos_D\IDCI\IDCI_WifiNode_R00\IDCI_WifiNode_CPU0.SchDoc with Resistor from IDCI_WifiNode_2_R00.SchLib
Replace Part R? Resistor in D:\Documentos_D\IDCI\IDCI_WifiNode_R00\IDCI_WifiNode_CPU0.SchDoc with Resistor from IDCI_WifiNode_2_R00.SchLib
Replace Part R? Resistor in D:\Documentos_D\IDCI\IDCI_WifiNode_R00\IDCI_WifiNode_CPU0.SchDoc with Resistor from IDCI_WifiNode_2_R00.SchLib
Replace Part R? Resistor in D:\Documentos_D\IDCI\IDCI_WifiNode_R00\IDCI_WifiNode_CPU0.SchDoc with Resistor from IDCI_WifiNode_2_R00.SchLib
Replace Part U? LPC1769FBD100_Multipart in D:\Documentos_D\IDCI\IDCI_WifiNode_R00\IDCI_WifiNode_CPU0.SchDoc with LPC1769FBD100_Multipart from IDCI_WifiNode_2_R00.SchLib
Replace Part X? CRYSTAL 3P in D:\Documentos_D\IDCI\IDCI_WifiNode_R00\IDCI_WifiNode_CPU0.SchDoc with CRYSTAL 3P from IDCI_WifiNode_2_R00.SchLib
Replace Part X? CRYSTAL_2P in D:\Documentos_D\IDCI\IDCI_WifiNode_R00\IDCI_WifiNode_CPU0.SchDoc with CRYSTAL_2P from IDCI_WifiNode_2_R00.SchLib
