Replace Part C7 Capacitor in D:\Documentos_D\IDCI\IDCI_WifiNode_R00\IDCI_WifiNode_CPU0.SchDoc with Capacitor from IDCI_WifiNode_2_R00.SchLib
Replace Part C8 Capacitor in D:\Documentos_D\IDCI\IDCI_WifiNode_R00\IDCI_WifiNode_CPU0.SchDoc with Capacitor from IDCI_WifiNode_2_R00.SchLib
Replace Part C9 Capacitor in D:\Documentos_D\IDCI\IDCI_WifiNode_R00\IDCI_WifiNode_CPU0.SchDoc with Capacitor from IDCI_WifiNode_2_R00.SchLib
Replace Part C10 Capacitor in D:\Documentos_D\IDCI\IDCI_WifiNode_R00\IDCI_WifiNode_CPU0.SchDoc with Capacitor from IDCI_WifiNode_2_R00.SchLib
Replace Part C11 Capacitor in D:\Documentos_D\IDCI\IDCI_WifiNode_R00\IDCI_WifiNode_CPU0.SchDoc with Capacitor from IDCI_WifiNode_2_R00.SchLib
Replace Part C12 Capacitor in D:\Documentos_D\IDCI\IDCI_WifiNode_R00\IDCI_WifiNode_CPU0.SchDoc with Capacitor from IDCI_WifiNode_2_R00.SchLib
Replace Part C13 Capacitor in D:\Documentos_D\IDCI\IDCI_WifiNode_R00\IDCI_WifiNode_CPU0.SchDoc with Capacitor from IDCI_WifiNode_2_R00.SchLib
Replace Part C14 Capacitor in D:\Documentos_D\IDCI\IDCI_WifiNode_R00\IDCI_WifiNode_CPU0.SchDoc with Capacitor from IDCI_WifiNode_2_R00.SchLib
Replace Part C15 Capacitor in D:\Documentos_D\IDCI\IDCI_WifiNode_R00\IDCI_WifiNode_CPU0.SchDoc with Capacitor from IDCI_WifiNode_2_R00.SchLib
Replace Part C16 Capacitor in D:\Documentos_D\IDCI\IDCI_WifiNode_R00\IDCI_WifiNode_CPU0.SchDoc with Capacitor from IDCI_WifiNode_2_R00.SchLib
Replace Part C17 Capacitor in D:\Documentos_D\IDCI\IDCI_WifiNode_R00\IDCI_WifiNode_CPU0.SchDoc with Capacitor from IDCI_WifiNode_2_R00.SchLib
Replace Part C18 Capacitor in D:\Documentos_D\IDCI\IDCI_WifiNode_R00\IDCI_WifiNode_CPU0.SchDoc with Capacitor from IDCI_WifiNode_2_R00.SchLib
Replace Part C19 Capacitor in D:\Documentos_D\IDCI\IDCI_WifiNode_R00\IDCI_WifiNode_CPU0.SchDoc with Capacitor from IDCI_WifiNode_2_R00.SchLib
Replace Part C20 Capacitor in D:\Documentos_D\IDCI\IDCI_WifiNode_R00\IDCI_WifiNode_CPU0.SchDoc with Capacitor from IDCI_WifiNode_2_R00.SchLib
Replace Part C21 Capacitor in D:\Documentos_D\IDCI\IDCI_WifiNode_R00\IDCI_WifiNode_CPU0.SchDoc with Capacitor from IDCI_WifiNode_2_R00.SchLib
Replace Part C22 Capacitor in D:\Documentos_D\IDCI\IDCI_WifiNode_R00\IDCI_WifiNode_CPU0.SchDoc with Capacitor from IDCI_WifiNode_2_R00.SchLib
Replace Part C23 Capacitor in D:\Documentos_D\IDCI\IDCI_WifiNode_R00\IDCI_WifiNode_CPU0.SchDoc with Capacitor from IDCI_WifiNode_2_R00.SchLib
Replace Part C24 Capacitor in D:\Documentos_D\IDCI\IDCI_WifiNode_R00\IDCI_WifiNode_CPU0.SchDoc with Capacitor from IDCI_WifiNode_2_R00.SchLib
Replace Part C25 Capacitor in D:\Documentos_D\IDCI\IDCI_WifiNode_R00\IDCI_WifiNode_CPU0.SchDoc with Capacitor from IDCI_WifiNode_2_R00.SchLib
Replace Part C26 Capacitor in D:\Documentos_D\IDCI\IDCI_WifiNode_R00\IDCI_WifiNode_CPU0.SchDoc with Capacitor from IDCI_WifiNode_2_R00.SchLib
Replace Part C27 Capacitor in D:\Documentos_D\IDCI\IDCI_WifiNode_R00\IDCI_WifiNode_CPU0.SchDoc with Capacitor from IDCI_WifiNode_2_R00.SchLib
Replace Part CN2 CONN_08P in D:\Documentos_D\IDCI\IDCI_WifiNode_R00\IDCI_WifiNode_CPU0.SchDoc with CONN_08P from IDCI_WifiNode_2_R00.SchLib
Replace Part R4 Resistor in D:\Documentos_D\IDCI\IDCI_WifiNode_R00\IDCI_WifiNode_CPU0.SchDoc with Resistor from IDCI_WifiNode_2_R00.SchLib
Replace Part R5 Resistor in D:\Documentos_D\IDCI\IDCI_WifiNode_R00\IDCI_WifiNode_CPU0.SchDoc with Resistor from IDCI_WifiNode_2_R00.SchLib
Replace Part R6 Resistor in D:\Documentos_D\IDCI\IDCI_WifiNode_R00\IDCI_WifiNode_CPU0.SchDoc with Resistor from IDCI_WifiNode_2_R00.SchLib
Replace Part R7 Resistor in D:\Documentos_D\IDCI\IDCI_WifiNode_R00\IDCI_WifiNode_CPU0.SchDoc with Resistor from IDCI_WifiNode_2_R00.SchLib
Replace Part R8 Resistor in D:\Documentos_D\IDCI\IDCI_WifiNode_R00\IDCI_WifiNode_CPU0.SchDoc with Resistor from IDCI_WifiNode_2_R00.SchLib
Replace Part R9 Resistor in D:\Documentos_D\IDCI\IDCI_WifiNode_R00\IDCI_WifiNode_CPU0.SchDoc with Resistor from IDCI_WifiNode_2_R00.SchLib
Replace Part R10 Resistor in D:\Documentos_D\IDCI\IDCI_WifiNode_R00\IDCI_WifiNode_CPU0.SchDoc with Resistor from IDCI_WifiNode_2_R00.SchLib
Replace Part U2 LPC1769FBD100_Multipart in D:\Documentos_D\IDCI\IDCI_WifiNode_R00\IDCI_WifiNode_CPU0.SchDoc with LPC1769FBD100_Multipart from IDCI_WifiNode_2_R00.SchLib
Replace Part X1 CRYSTAL_2P in D:\Documentos_D\IDCI\IDCI_WifiNode_R00\IDCI_WifiNode_CPU0.SchDoc with CRYSTAL_2P from IDCI_WifiNode_2_R00.SchLib
Replace Part X2 CRYSTAL 3P in D:\Documentos_D\IDCI\IDCI_WifiNode_R00\IDCI_WifiNode_CPU0.SchDoc with CRYSTAL 3P from IDCI_WifiNode_2_R00.SchLib
